2fb0e88 | chore(memory): mem-003 backfill logs | context.snapshot.md, logs/commit.log, memory.log | 2025-06-03T11:14:59-04:00
ff4aa4f | chore(memory): mem-004 log DocAgent guide update | PERSISTENT_MEMORY_GUIDE.md, logs/commit.log, memory.log | 2025-06-03T11:52:49-04:00
af2aefd | docs(memory): mem-005 document mem-ID counter | PERSISTENT_MEMORY_GUIDE.md | 2025-06-03T11:55:17-04:00
2c87fa8 | chore(log): update commit history | AGENTS.md, logs/commit.log, memory.log | 2025-06-03T12:02:45-04:00
7d30dae | chore(memory): update commit history | AGENTS.md, PERSISTENT_MEMORY_GUIDE.md, context.snapshot.md, logs/commit.log, memory.log | 2025-06-03T12:10:30-04:00
66b6689 | Add files via upload | CODEX_START.md | 2025-06-03T13:09:43-04:00
53a7019 | Delete PERSISTENT_MEMORY_GUIDE.md | PERSISTENT_MEMORY_GUIDE.md | 2025-06-03T13:10:43-04:00
e2f193e | docs(memory): enforce context snapshot updates | AGENTS.md, context.snapshot.md, logs/commit.log, memory.log | 2025-06-03T13:16:24-04:00
3ef091d | docs(memory): backfill snapshot | AGENTS.md, context.snapshot.md, logs/commit.log, memory.log | 2025-06-03T13:47:45-04:00
3dce8d1 | chore(memory): record mem-010 | context.snapshot.md, logs/commit.log, memory.log | 2025-06-03T13:54:27-04:00
5a59e6c | Delete CODEX_START.md | CODEX_START.md | 2025-06-03T15:17:17-04:00
421b38a | Delete INSTRUCTIONS.md | INSTRUCTIONS.md | 2025-06-03T15:17:35-04:00
1a51b8e | Delete PLANNING.md | PLANNING.md | 2025-06-03T15:17:51-04:00
556adb4 | Delete newcodex1.md | newcodex1.md | 2025-06-03T15:18:03-04:00
90cc68f | Add files via upload | memorymaker.md | 2025-06-03T15:35:46-04:00
ef3aca9 | chore(memory): record mem-011 | TASKS.md, context.snapshot.md, logs/commit.log, memory.log, task_queue.json | 2025-06-03T15:37:45-04:00
6b43f4d | chore(memory): record mem-015 | AGENTS.md, README.md, TASKS.md, context.snapshot.md, logs/commit.log, memory.log, package.json, scripts/codex_context.sh | 2025-06-03T17:07:51-04:00
f77da08 | chore(memory): correct mem-020 logs | AGENTS.md, README.md, TASKS.md, context.snapshot.md, logs/commit.log, memory.log, package.json, scripts/codex_context.sh, task_queue.json | 2025-06-03T18:49:18-04:00
5b0a31c | chore(memory): record mem-021 | CODEX_START.md, context.snapshot.md, memory.log | 2025-06-03T19:07:13-04:00
d2623d5 | chore(memory): update logs after docs cleanup | logs/commit.log, memory.log, memorymaker.md | 2025-06-03T19:21:03-04:00
